<?xml version="1.0" encoding="UTF-8"?>
<!-- Generated by org.testng.reporters.JUnitXMLReporter -->
<testsuite ignored="0" hostname="uchitas-Air.attlocal.net" failures="0" tests="4" name="Default test" time="121.817" errors="0" timestamp="2024-03-23T16:48:04 PDT">
  <testcase classname="UchitachoksiTesting.theScoreProject.theScoreApp" name="AppSetUp" time="15.266"/>
  <testcase classname="UchitachoksiTesting.theScoreProject.theScoreApp" name="LeagueSelection" time="26.369"/>
  <testcase classname="UchitachoksiTesting.theScoreProject.theScoreApp" name="TeamSelection" time="14.141"/>
  <testcase classname="UchitachoksiTesting.theScoreProject.theScoreApp" name="searchplayername" time="41.818"/>
</testsuite> <!-- Default test -->
